<?xml version="1.0" encoding="UTF-8"?>
<!-- Generated by org.testng.reporters.JUnitReportReporter -->
<testsuite hostname="DESKTOP-0VG4TTE" failures="0" tests="6" name="com.techblog.scripts.UserSignup" time="34.277" errors="0" timestamp="2022-03-18T21:03:28 IST" skipped="0">
  <testcase classname="com.techblog.scripts.UserSignup" name="verifyNullUserSignup" time="2.696"/>
  <system-out/>
  <testcase classname="com.techblog.scripts.UserSignup" name="verifyInvalidUserName" time="7.344"/>
  <system-out/>
  <testcase classname="com.techblog.scripts.UserSignup" name="verifyInvalidUserEmail" time="5.901"/>
  <system-out/>
  <testcase classname="com.techblog.scripts.UserSignup" name="verifyInvalidPassword" time="5.916"/>
  <system-out/>
  <testcase classname="com.techblog.scripts.UserSignup" name="verifyInValidPassword2" time="5.183"/>
  <system-out/>
  <testcase classname="com.techblog.scripts.UserSignup" name="verifyValidUserSignup" time="7.237"/>
  <system-out/>
</testsuite> <!-- com.techblog.scripts.UserSignup -->
