<?xml version="1.0" encoding="UTF-8"?>
<!-- Generated by org.testng.reporters.JUnitReportReporter -->
<testsuite hostname="DESKTOP-0VG4TTE" failures="0" tests="4" name="com.techblog.scripts.TCLogin" time="18.096" errors="0" timestamp="2022-03-20T14:52:47 IST" skipped="0">
  <testcase classname="com.techblog.scripts.TCLogin" name="verifyNullLogin" time="2.422"/>
  <system-out/>
  <testcase classname="com.techblog.scripts.TCLogin" name="verifyInvalidPasswLogin" time="6.917"/>
  <system-out/>
  <testcase classname="com.techblog.scripts.TCLogin" name="verifyInvalidEmailLogin" time="6.233"/>
  <system-out/>
  <testcase classname="com.techblog.scripts.TCLogin" name="verifySignUpLink" time="2.524"/>
  <system-out/>
</testsuite> <!-- com.techblog.scripts.TCLogin -->
