<?xml version="1.0" encoding="UTF-8"?>
<!-- Generated by org.testng.reporters.JUnitReportReporter -->
<testsuite hostname="DESKTOP-0VG4TTE" failures="0" tests="4" name="com.techblog.scripts.TrainerSignUp" time="17.753" errors="0" timestamp="2022-03-20T14:52:47 IST" skipped="0">
  <testcase classname="com.techblog.scripts.TrainerSignUp" name="verifyInvalidTrainerEmail" time="1.444"/>
  <system-out/>
  <testcase classname="com.techblog.scripts.TrainerSignUp" name="verifyInvalidPasswordTrainerSignup" time="5.299"/>
  <system-out/>
  <testcase classname="com.techblog.scripts.TrainerSignUp" name="verifyValidTrainerSignup" time="8.069"/>
  <system-out/>
  <testcase classname="com.techblog.scripts.TrainerSignUp" name="verifySignin" time="2.941"/>
  <system-out/>
</testsuite> <!-- com.techblog.scripts.TrainerSignUp -->
