<?xml version="1.0" encoding="UTF-8"?>
<!-- Generated by org.testng.reporters.JUnitReportReporter -->
<testsuite hostname="DESKTOP-0VG4TTE" failures="0" tests="4" name="com.techblog.scripts.TrainerSignUp" time="14.350" errors="0" timestamp="2022-03-19T17:38:59 IST" skipped="0">
  <testcase classname="com.techblog.scripts.TrainerSignUp" name="verifyInvalidTrainerEmail" time="1.597"/>
  <system-out/>
  <testcase classname="com.techblog.scripts.TrainerSignUp" name="verifyInvalidPasswordTrainerSignup" time="4.420"/>
  <system-out/>
  <testcase classname="com.techblog.scripts.TrainerSignUp" name="verifyValidTrainerSignup" time="6.652"/>
  <system-out/>
  <testcase classname="com.techblog.scripts.TrainerSignUp" name="verifySignin" time="1.681"/>
  <system-out/>
</testsuite> <!-- com.techblog.scripts.TrainerSignUp -->
