<?xml version="1.0" encoding="UTF-8"?>
<!-- Generated by org.testng.reporters.JUnitReportReporter -->
<testsuite hostname="DESKTOP-0VG4TTE" failures="0" tests="6" name="com.techblog.scripts.UserSignup" time="36.361" errors="0" timestamp="2022-03-19T17:38:59 IST" skipped="0">
  <testcase classname="com.techblog.scripts.UserSignup" name="verifyNullUserSignup" time="6.064"/>
  <system-out/>
  <testcase classname="com.techblog.scripts.UserSignup" name="verifyInvalidUserName" time="9.338"/>
  <system-out/>
  <testcase classname="com.techblog.scripts.UserSignup" name="verifyInvalidUserEmail" time="5.022"/>
  <system-out/>
  <testcase classname="com.techblog.scripts.UserSignup" name="verifyInvalidPassword" time="4.923"/>
  <system-out/>
  <testcase classname="com.techblog.scripts.UserSignup" name="verifyInValidPassword2" time="4.643"/>
  <system-out/>
  <testcase classname="com.techblog.scripts.UserSignup" name="verifyValidUserSignup" time="6.371"/>
  <system-out/>
</testsuite> <!-- com.techblog.scripts.UserSignup -->
