<?xml version="1.0" encoding="UTF-8"?>
<!-- Generated by org.testng.reporters.JUnitReportReporter -->
<testsuite hostname="DESKTOP-0VG4TTE" failures="0" tests="4" name="com.techblog.scripts.TCLogin" time="18.320" errors="0" timestamp="2022-03-18T21:03:28 IST" skipped="0">
  <testcase classname="com.techblog.scripts.TCLogin" name="verifyNullLogin" time="2.463"/>
  <system-out/>
  <testcase classname="com.techblog.scripts.TCLogin" name="verifyInvalidPasswLogin" time="6.058"/>
  <system-out/>
  <testcase classname="com.techblog.scripts.TCLogin" name="verifyInvalidEmailLogin" time="8.258"/>
  <system-out/>
  <testcase classname="com.techblog.scripts.TCLogin" name="verifySignUpLink" time="1.541"/>
  <system-out/>
</testsuite> <!-- com.techblog.scripts.TCLogin -->
