<?xml version="1.0" encoding="UTF-8"?>
<!-- Generated by org.testng.reporters.JUnitReportReporter -->
<testsuite hostname="DESKTOP-0VG4TTE" failures="0" tests="4" name="com.techblog.scripts.TrainerSignUp" time="14.774" errors="0" timestamp="2022-03-18T21:03:28 IST" skipped="0">
  <testcase classname="com.techblog.scripts.TrainerSignUp" name="verifyInvalidTrainerEmail" time="1.503"/>
  <system-out/>
  <testcase classname="com.techblog.scripts.TrainerSignUp" name="verifyInvalidPasswordTrainerSignup" time="4.428"/>
  <system-out/>
  <testcase classname="com.techblog.scripts.TrainerSignUp" name="verifyValidTrainerSignup" time="6.479"/>
  <system-out/>
  <testcase classname="com.techblog.scripts.TrainerSignUp" name="verifySignin" time="2.364"/>
  <system-out/>
</testsuite> <!-- com.techblog.scripts.TrainerSignUp -->
