<?xml version="1.0" encoding="UTF-8"?>
<!-- Generated by org.testng.reporters.JUnitReportReporter -->
<testsuite hostname="DESKTOP-0VG4TTE" failures="0" tests="7" name="com.techblog.scripts.TCAdminAdReCate" time="16.313" errors="0" timestamp="2022-03-18T16:18:37 IST" skipped="1">
  <testcase classname="com.techblog.scripts.TCAdminAdReCate" name="verifyAdminLogin" time="5.340"/>
  <system-out/>
  <testcase classname="com.techblog.scripts.TCAdminAdReCate" name="verifyActions" time="2.705"/>
  <system-out/>
  <testcase classname="com.techblog.scripts.TCAdminAdReCate" name="verifyAddCatNull" time="0.144"/>
  <system-out/>
  <testcase classname="com.techblog.scripts.TCAdminAdReCate" name="verifyAddCatSmallLet" time="0.274"/>
  <system-out/>
  <testcase classname="com.techblog.scripts.TCAdminAdReCate" name="verifyAddCatCAPS" time="5.471"/>
  <system-out/>
  <testcase classname="com.techblog.scripts.TCAdminAdReCate" name="verifyAdminLogout" time="2.379"/>
  <system-out/>
  <testcase classname="com.techblog.scripts.TCAdminAdReCate" name="verifyRemoveCat">
    <skipped/>
  </testcase> <!-- verifyRemoveCat -->
  <system-out/>
</testsuite> <!-- com.techblog.scripts.TCAdminAdReCate -->
