<?xml version="1.0" encoding="UTF-8"?>
<!-- Generated by org.testng.reporters.JUnitReportReporter -->
<testsuite hostname="DESKTOP-0VG4TTE" failures="0" tests="8" name="com.techblog.scripts.TestClass" time="52.590" errors="0" timestamp="2022-03-18T21:03:28 IST" skipped="0">
  <testcase classname="com.techblog.scripts.TestClass" name="verifyLandingPage" time="2.223"/>
  <system-out/>
  <testcase classname="com.techblog.scripts.TestClass" name="varifyingFeedback" time="11.115"/>
  <system-out/>
  <testcase classname="com.techblog.scripts.TestClass" name="varifyingContactUs" time="7.655"/>
  <system-out/>
  <testcase classname="com.techblog.scripts.TestClass" name="varifyingGitLink" time="4.924"/>
  <system-out/>
  <testcase classname="com.techblog.scripts.TestClass" name="varifyingLatestArticles" time="10.578"/>
  <system-out/>
  <testcase classname="com.techblog.scripts.TestClass" name="varifyingAboutUs" time="5.397"/>
  <system-out/>
  <testcase classname="com.techblog.scripts.TestClass" name="varifyingSocialMedia" time="4.801"/>
  <system-out/>
  <testcase classname="com.techblog.scripts.TestClass" name="varifyingCategories" time="5.897"/>
  <system-out/>
</testsuite> <!-- com.techblog.scripts.TestClass -->
