<?xml version="1.0" encoding="UTF-8"?>
<!-- Generated by org.testng.reporters.JUnitReportReporter -->
<testsuite hostname="DESKTOP-0VG4TTE" failures="0" tests="4" name="com.techblog.scripts.TCLogin" time="16.171" errors="0" timestamp="2022-03-19T17:38:59 IST" skipped="0">
  <testcase classname="com.techblog.scripts.TCLogin" name="verifyNullLogin" time="2.494"/>
  <system-out/>
  <testcase classname="com.techblog.scripts.TCLogin" name="verifyInvalidPasswLogin" time="6.155"/>
  <system-out/>
  <testcase classname="com.techblog.scripts.TCLogin" name="verifyInvalidEmailLogin" time="6.132"/>
  <system-out/>
  <testcase classname="com.techblog.scripts.TCLogin" name="verifySignUpLink" time="1.390"/>
  <system-out/>
</testsuite> <!-- com.techblog.scripts.TCLogin -->
