<?xml version="1.0" encoding="UTF-8"?>
<!-- Generated by org.testng.reporters.JUnitReportReporter -->
<testsuite hostname="DESKTOP-0VG4TTE" failures="0" tests="6" name="com.techblog.scripts.UserSignup" time="37.125" errors="0" timestamp="2022-03-20T14:52:47 IST" skipped="0">
  <testcase classname="com.techblog.scripts.UserSignup" name="verifyNullUserSignup" time="4.226"/>
  <system-out/>
  <testcase classname="com.techblog.scripts.UserSignup" name="verifyInvalidUserName" time="9.495"/>
  <system-out/>
  <testcase classname="com.techblog.scripts.UserSignup" name="verifyInvalidUserEmail" time="5.285"/>
  <system-out/>
  <testcase classname="com.techblog.scripts.UserSignup" name="verifyInvalidPassword" time="5.216"/>
  <system-out/>
  <testcase classname="com.techblog.scripts.UserSignup" name="verifyInValidPassword2" time="5.510"/>
  <system-out/>
  <testcase classname="com.techblog.scripts.UserSignup" name="verifyValidUserSignup" time="7.393"/>
  <system-out/>
</testsuite> <!-- com.techblog.scripts.UserSignup -->
