<?xml version="1.0" encoding="UTF-8"?>
<!-- Generated by org.testng.reporters.JUnitReportReporter -->
<testsuite hostname="DESKTOP-2F520JV" failures="0" tests="3" name="com.techblog.scripts.TCActions" time="6.224" errors="0" timestamp="2022-03-17T23:21:22 IST" skipped="0">
  <testcase classname="com.techblog.scripts.TCActions" name="verifyValidAdminLogin" time="3.869"/>
  <system-out/>
  <testcase classname="com.techblog.scripts.TCActions" name="verifyActionsTab" time="0.097"/>
  <system-out/>
  <testcase classname="com.techblog.scripts.TCActions" name="verifyPendapproval" time="2.258"/>
  <system-out/>
</testsuite> <!-- com.techblog.scripts.TCActions -->
