<?xml version="1.0" encoding="UTF-8"?>
<!-- Generated by org.testng.reporters.JUnitReportReporter -->
<testsuite hostname="DESKTOP-2F520JV" failures="0" tests="7" name="com.techblog.scripts.TCMyPosts" time="54.105" errors="0" timestamp="2022-03-20T00:58:23 IST" skipped="2">
  <testcase classname="com.techblog.scripts.TCMyPosts" name="verifyEditButton" time="17.172"/>
  <system-out/>
  <testcase classname="com.techblog.scripts.TCMyPosts" name="verifyReadmoreLink" time="15.947"/>
  <system-out/>
  <testcase classname="com.techblog.scripts.TCMyPosts" name="verifyTBLogo" time="10.193"/>
  <system-out/>
  <testcase classname="com.techblog.scripts.TCMyPosts" name="verifyNewPostLink" time="5.293"/>
  <system-out/>
  <testcase classname="com.techblog.scripts.TCMyPosts" name="verifyAdminMsgsLink" time="5.500"/>
  <system-out/>
  <testcase classname="com.techblog.scripts.TCMyPosts" name="verifyDelete">
    <skipped/>
  </testcase> <!-- verifyDelete -->
  <system-out/>
  <testcase classname="com.techblog.scripts.TCMyPosts" name="verifyMyPostHeader">
    <skipped/>
  </testcase> <!-- verifyMyPostHeader -->
  <system-out/>
</testsuite> <!-- com.techblog.scripts.TCMyPosts -->
