<?xml version="1.0" encoding="UTF-8"?>
<!-- Generated by org.testng.reporters.JUnitReportReporter -->
<testsuite hostname="DESKTOP-2F520JV" failures="0" tests="2" name="com.techblog.scripts.TCHome" time="2.552" errors="0" timestamp="2022-03-20T00:58:23 IST" skipped="0">
  <testcase classname="com.techblog.scripts.TCHome" name="verifyHomePageTitle" time="0.122"/>
  <system-out/>
  <testcase classname="com.techblog.scripts.TCHome" name="verifyClickLogin" time="2.430"/>
  <system-out/>
</testsuite> <!-- com.techblog.scripts.TCHome -->
