<?xml version="1.0" encoding="UTF-8"?>
<!-- Generated by org.testng.reporters.JUnitReportReporter -->
<testsuite hostname="DESKTOP-2F520JV" failures="0" tests="5" name="com.techblog.scripts.TCAllPosts" time="11.112" errors="0" timestamp="2022-03-18T23:54:33 IST" skipped="0">
  <testcase classname="com.techblog.scripts.TCAllPosts" name="verifyValidAdminLogin" time="6.398"/>
  <system-out/>
  <testcase classname="com.techblog.scripts.TCAllPosts" name="verifyAllPostsHeader" time="0.046"/>
  <system-out/>
  <testcase classname="com.techblog.scripts.TCAllPosts" name="verifyActionsLink" time="0.103"/>
  <system-out/>
  <testcase classname="com.techblog.scripts.TCAllPosts" name="verifyPendapproval" time="2.339"/>
  <system-out/>
  <testcase classname="com.techblog.scripts.TCAllPosts" name="verifyLogoutLink2" time="2.226"/>
  <system-out/>
</testsuite> <!-- com.techblog.scripts.TCAllPosts -->
