<?xml version="1.0" encoding="UTF-8"?>
<!-- Generated by org.testng.reporters.JUnitReportReporter -->
<testsuite hostname="DESKTOP-2F520JV" failures="0" tests="4" name="com.techblog.scripts.TCPendingApp" time="40.351" errors="0" timestamp="2022-03-18T23:54:33 IST" skipped="0">
  <testcase classname="com.techblog.scripts.TCPendingApp" name="verifyPendingAppHeader" time="8.109"/>
  <system-out/>
  <testcase classname="com.techblog.scripts.TCPendingApp" name="verifyPostApproval" time="12.599"/>
  <system-out/>
  <testcase classname="com.techblog.scripts.TCPendingApp" name="verifyPostRejection" time="16.987"/>
  <system-out/>
  <testcase classname="com.techblog.scripts.TCPendingApp" name="verifyLogoutLink6" time="2.656"/>
  <system-out/>
</testsuite> <!-- com.techblog.scripts.TCPendingApp -->
