<?xml version="1.0" encoding="UTF-8"?>
<!-- Generated by org.testng.reporters.JUnitReportReporter -->
<testsuite hostname="DESKTOP-2F520JV" failures="0" tests="2" name="com.techblog.scripts.TCLogin" time="10.077" errors="0" timestamp="2022-03-20T00:58:23 IST" skipped="0">
  <testcase classname="com.techblog.scripts.TCLogin" name="verifyValidLogin" time="4.869"/>
  <system-out/>
  <testcase classname="com.techblog.scripts.TCLogin" name="verifyLogoutLink" time="5.208"/>
  <system-out/>
</testsuite> <!-- com.techblog.scripts.TCLogin -->
