<?xml version="1.0" encoding="UTF-8"?>
<!-- Generated by org.testng.reporters.JUnitReportReporter -->
<testsuite hostname="LAPTOP-178S0KEF" failures="0" tests="1" name="com.techblog.scripts.TCAdminLoginClassF" time="18.641" errors="0" timestamp="2022-03-20T13:21:34 GST" skipped="0">
  <testcase classname="com.techblog.scripts.TCAdminLoginClassF" name="verifyValidLogin" time="18.641"/>
  <system-out/>
</testsuite> <!-- com.techblog.scripts.TCAdminLoginClassF -->
