<?xml version="1.0" encoding="UTF-8"?>
<!-- Generated by org.testng.reporters.JUnitReportReporter -->
<testsuite hostname="LAPTOP-178S0KEF" failures="0" tests="1" name="com.techblog.scripts.AdminLoginClass" time="14.094" errors="0" timestamp="2022-03-17T10:41:39 GST" skipped="0">
  <testcase classname="com.techblog.scripts.AdminLoginClass" name="verifyValidLogin" time="14.094"/>
  <system-out/>
</testsuite> <!-- com.techblog.scripts.AdminLoginClass -->
