<?xml version="1.0" encoding="UTF-8"?>
<!-- Generated by org.testng.reporters.JUnitReportReporter -->
<testsuite hostname="LAPTOP-178S0KEF" failures="0" tests="3" name="com.techblog.scripts.TCAllPosts" time="5.171" errors="0" timestamp="2022-03-20T11:37:14 GST" skipped="0">
  <testcase classname="com.techblog.scripts.TCAllPosts" name="verifyAllPostsHeader" time="2.009"/>
  <system-out/>
  <testcase classname="com.techblog.scripts.TCAllPosts" name="verifyActionsLink" time="0.098"/>
  <system-out/>
  <testcase classname="com.techblog.scripts.TCAllPosts" name="verifyPendapproval" time="3.064"/>
  <system-out/>
</testsuite> <!-- com.techblog.scripts.TCAllPosts -->
