<<<<<<< HEAD
<?xml version="1.0" encoding="UTF-8"?>
<!-- Generated by org.testng.reporters.JUnitReportReporter -->
<testsuite hostname="LAPTOP-178S0KEF" failures="0" tests="1" name="com.techblog.scripts.AdminLoginClassF" time="6.083" errors="0" timestamp="2022-03-17T18:37:24 GST" skipped="0">
  <testcase classname="com.techblog.scripts.AdminLoginClassF" name="verifyValidLogin" time="6.083"/>
  <system-out/>
</testsuite> <!-- com.techblog.scripts.AdminLoginClassF -->
=======
<?xml version="1.0" encoding="UTF-8"?>
<!-- Generated by org.testng.reporters.JUnitReportReporter -->
<testsuite hostname="LAPTOP-178S0KEF" failures="0" tests="1" name="com.techblog.scripts.AdminLoginClassF" time="6.083" errors="0" timestamp="2022-03-17T18:37:24 GST" skipped="0">
  <testcase classname="com.techblog.scripts.AdminLoginClassF" name="verifyValidLogin" time="6.083"/>
  <system-out/>
</testsuite> <!-- com.techblog.scripts.AdminLoginClassF -->
>>>>>>> ec2d49963ebd06203cfa3a68ad0b980969050210
