<?xml version="1.0" encoding="UTF-8"?>
<!-- Generated by org.testng.reporters.JUnitReportReporter -->
<testsuite hostname="LAPTOP-178S0KEF" failures="0" tests="3" name="com.techblog.scripts.AdminHomeF" time="51.770" errors="0" timestamp="2022-03-17T18:37:24 GST" skipped="0">
  <testcase classname="com.techblog.scripts.AdminHomeF" name="verifyHome" time="2.382"/>
  <system-out/>
  <testcase classname="com.techblog.scripts.AdminHomeF" name="verifyEdit" time="45.040"/>
  <system-out/>
  <testcase classname="com.techblog.scripts.AdminHomeF" name="verifyDelete" time="4.348"/>
  <system-out/>
</testsuite> <!-- com.techblog.scripts.AdminHomeF -->
